<?xml version="1.0" encoding="UTF-8"?>
<!-- Generated by org.testng.reporters.JUnitReportReporter -->
<testsuite skipped="0" hostname="user-PC" name="com.rahulshettyacademy.RESTAPITest" tests="2" failures="0" timestamp="2020-04-19T12:37:32 IST" time="0.001" errors="0">
  <testcase name="deleteTwitter" time="0.000" classname="com.rahulshettyacademy.RESTAPITest"/>
  <system-out/>
  <testcase name="postJira" time="0.001" classname="com.rahulshettyacademy.RESTAPITest"/>
  <system-out/>
</testsuite> <!-- com.rahulshettyacademy.RESTAPITest -->
