<?xml version="1.0" encoding="UTF-8"?>
<!-- Generated by org.testng.reporters.JUnitReportReporter -->
<testsuite skipped="0" hostname="user-PC" name="com.rahulshettyacademy.AppTest" tests="1" failures="0" timestamp="2020-04-19T12:37:32 IST" time="0.002" errors="0">
  <testcase name="testApp" time="0.002" classname="com.rahulshettyacademy.AppTest"/>
  <system-out/>
</testsuite> <!-- com.rahulshettyacademy.AppTest -->
