<?xml version="1.0" encoding="UTF-8"?>
<!-- Generated by org.testng.reporters.JUnitReportReporter -->
<testsuite skipped="0" hostname="user-PC" name="com.rahulshettyacademy.AppiumTest" tests="2" failures="0" timestamp="2020-04-19T13:17:35 IST" time="0.000" errors="0">
  <testcase name="iosApps" time="0.000" classname="com.rahulshettyacademy.AppiumTest"/>
  <system-out/>
  <testcase name="nativeAppAndroid" time="0.000" classname="com.rahulshettyacademy.AppiumTest"/>
  <system-out/>
</testsuite> <!-- com.rahulshettyacademy.AppiumTest -->
