<?xml version="1.0" encoding="UTF-8"?>
<!-- Generated by org.testng.reporters.JUnitReportReporter -->
<testsuite skipped="0" hostname="user-PC" name="com.rahulshettyacademy.SeleniumTest" tests="2" failures="0" timestamp="2020-04-19T13:17:55 IST" time="0.000" errors="0">
  <testcase name="elementsUI" time="0.000" classname="com.rahulshettyacademy.SeleniumTest"/>
  <system-out/>
  <testcase name="BrowserAutomation" time="0.000" classname="com.rahulshettyacademy.SeleniumTest"/>
  <system-out/>
</testsuite> <!-- com.rahulshettyacademy.SeleniumTest -->
